<?xml version="1.0" encoding="UTF-8"?>
<!-- Generated by org.testng.reporters.JUnitXMLReporter -->
<testsuite ignored="0" hostname="DESKTOP-NB17RKO" failures="0" tests="7" name="Default test" time="39.146" errors="0" timestamp="2024-08-08T14:30:40 IST">
  <testcase classname="com.jala.qa.testcases.LoginTestPage" name="validateLoginCredential" time="0.454"/>
  <testcase classname="com.jala.qa.testcases.LoginTestPage" name="validateLoginCredential" time="0.586"/>
  <testcase classname="com.jala.qa.testcases.LoginTestPage" name="validateLoginCredential" time="0.408"/>
  <testcase classname="com.jala.qa.testcases.LoginTestPage" name="validateLoginCredential" time="0.544"/>
  <testcase classname="com.jala.qa.testcases.LoginTestPage" name="validateLoginCredential" time="0.464"/>
  <testcase classname="com.jala.qa.testcases.LoginTestPage" name="validateLoginCredential" time="0.59"/>
  <testcase classname="com.jala.qa.testcases.LoginTestPage" name="validateLoginCredential" time="0.536"/>
</testsuite> <!-- Default test -->
