<?xml version="1.0" encoding="UTF-8"?>
<testng-results ignored="0" total="7" passed="7" failed="0" skipped="0">
  <reporter-output>
  </reporter-output>
  <suite started-at="2024-08-08T14:30:01 IST" name="Default suite" finished-at="2024-08-08T14:30:40 IST" duration-ms="39146">
    <groups>
    </groups>
    <test started-at="2024-08-08T14:30:01 IST" name="Default test" finished-at="2024-08-08T14:30:40 IST" duration-ms="39146">
      <class name="com.jala.qa.testcases.LoginTestPage">
        <test-method is-config="true" signature="setup()[pri:0, instance:com.jala.qa.testcases.LoginTestPage@665df3c6]" started-at="2024-08-08T14:30:02 IST" name="setup" finished-at="2024-08-08T14:30:13 IST" duration-ms="10826" status="PASS">
          <reporter-output>
          </reporter-output>
        </test-method> <!-- setup -->
        <test-method signature="validateLoginCredential(java.lang.String,java.lang.String)[pri:0, instance:com.jala.qa.testcases.LoginTestPage@665df3c6]" started-at="2024-08-08T14:30:13 IST" name="validateLoginCredential" data-provider="setData" finished-at="2024-08-08T14:30:13 IST" duration-ms="454" status="PASS">
          <params>
            <param index="0">
              <value>
                <![CDATA[Sname]]>
              </value>
            </param>
            <param index="1">
              <value>
                <![CDATA[passowrd]]>
              </value>
            </param>
          </params>
          <reporter-output>
          </reporter-output>
        </test-method> <!-- validateLoginCredential -->
        <test-method is-config="true" signature="tearDown()[pri:0, instance:com.jala.qa.testcases.LoginTestPage@665df3c6]" started-at="2024-08-08T14:30:13 IST" name="tearDown" finished-at="2024-08-08T14:30:14 IST" duration-ms="339" status="PASS">
          <reporter-output>
          </reporter-output>
        </test-method> <!-- tearDown -->
        <test-method is-config="true" signature="setup()[pri:0, instance:com.jala.qa.testcases.LoginTestPage@665df3c6]" started-at="2024-08-08T14:30:14 IST" name="setup" finished-at="2024-08-08T14:30:17 IST" duration-ms="3153" status="PASS">
          <reporter-output>
          </reporter-output>
        </test-method> <!-- setup -->
        <test-method signature="validateLoginCredential(java.lang.String,java.lang.String)[pri:0, instance:com.jala.qa.testcases.LoginTestPage@665df3c6]" started-at="2024-08-08T14:30:17 IST" name="validateLoginCredential" data-provider="setData" finished-at="2024-08-08T14:30:18 IST" duration-ms="586" status="PASS">
          <params>
            <param index="0">
              <value>
                <![CDATA[training@jalaacademy.com]]>
              </value>
            </param>
            <param index="1">
              <value>
                <![CDATA[jobprogram]]>
              </value>
            </param>
          </params>
          <reporter-output>
          </reporter-output>
        </test-method> <!-- validateLoginCredential -->
        <test-method is-config="true" signature="tearDown()[pri:0, instance:com.jala.qa.testcases.LoginTestPage@665df3c6]" started-at="2024-08-08T14:30:18 IST" name="tearDown" finished-at="2024-08-08T14:30:18 IST" duration-ms="393" status="PASS">
          <reporter-output>
          </reporter-output>
        </test-method> <!-- tearDown -->
        <test-method is-config="true" signature="setup()[pri:0, instance:com.jala.qa.testcases.LoginTestPage@665df3c6]" started-at="2024-08-08T14:30:18 IST" name="setup" finished-at="2024-08-08T14:30:21 IST" duration-ms="3382" status="PASS">
          <reporter-output>
          </reporter-output>
        </test-method> <!-- setup -->
        <test-method signature="validateLoginCredential(java.lang.String,java.lang.String)[pri:0, instance:com.jala.qa.testcases.LoginTestPage@665df3c6]" started-at="2024-08-08T14:30:21 IST" name="validateLoginCredential" data-provider="setData" finished-at="2024-08-08T14:30:22 IST" duration-ms="408" status="PASS">
          <params>
            <param index="0">
              <value>
                <![CDATA[training@jalaacademy.com]]>
              </value>
            </param>
            <param index="1">
              <value>
                <![CDATA[jobprogram]]>
              </value>
            </param>
          </params>
          <reporter-output>
          </reporter-output>
        </test-method> <!-- validateLoginCredential -->
        <test-method is-config="true" signature="tearDown()[pri:0, instance:com.jala.qa.testcases.LoginTestPage@665df3c6]" started-at="2024-08-08T14:30:22 IST" name="tearDown" finished-at="2024-08-08T14:30:22 IST" duration-ms="299" status="PASS">
          <reporter-output>
          </reporter-output>
        </test-method> <!-- tearDown -->
        <test-method is-config="true" signature="setup()[pri:0, instance:com.jala.qa.testcases.LoginTestPage@665df3c6]" started-at="2024-08-08T14:30:22 IST" name="setup" finished-at="2024-08-08T14:30:25 IST" duration-ms="3354" status="PASS">
          <reporter-output>
          </reporter-output>
        </test-method> <!-- setup -->
        <test-method signature="validateLoginCredential(java.lang.String,java.lang.String)[pri:0, instance:com.jala.qa.testcases.LoginTestPage@665df3c6]" started-at="2024-08-08T14:30:25 IST" name="validateLoginCredential" data-provider="setData" finished-at="2024-08-08T14:30:26 IST" duration-ms="544" status="PASS">
          <params>
            <param index="0">
              <value>
                <![CDATA[training@jalaacademy.com]]>
              </value>
            </param>
            <param index="1">
              <value>
                <![CDATA[jobprogram]]>
              </value>
            </param>
          </params>
          <reporter-output>
          </reporter-output>
        </test-method> <!-- validateLoginCredential -->
        <test-method is-config="true" signature="tearDown()[pri:0, instance:com.jala.qa.testcases.LoginTestPage@665df3c6]" started-at="2024-08-08T14:30:26 IST" name="tearDown" finished-at="2024-08-08T14:30:26 IST" duration-ms="329" status="PASS">
          <reporter-output>
          </reporter-output>
        </test-method> <!-- tearDown -->
        <test-method is-config="true" signature="setup()[pri:0, instance:com.jala.qa.testcases.LoginTestPage@665df3c6]" started-at="2024-08-08T14:30:26 IST" name="setup" finished-at="2024-08-08T14:30:30 IST" duration-ms="3819" status="PASS">
          <reporter-output>
          </reporter-output>
        </test-method> <!-- setup -->
        <test-method signature="validateLoginCredential(java.lang.String,java.lang.String)[pri:0, instance:com.jala.qa.testcases.LoginTestPage@665df3c6]" started-at="2024-08-08T14:30:30 IST" name="validateLoginCredential" data-provider="setData" finished-at="2024-08-08T14:30:31 IST" duration-ms="464" status="PASS">
          <params>
            <param index="0">
              <value>
                <![CDATA[Admin]]>
              </value>
            </param>
            <param index="1">
              <value>
                <![CDATA[Admin@123]]>
              </value>
            </param>
          </params>
          <reporter-output>
          </reporter-output>
        </test-method> <!-- validateLoginCredential -->
        <test-method is-config="true" signature="tearDown()[pri:0, instance:com.jala.qa.testcases.LoginTestPage@665df3c6]" started-at="2024-08-08T14:30:31 IST" name="tearDown" finished-at="2024-08-08T14:30:31 IST" duration-ms="328" status="PASS">
          <reporter-output>
          </reporter-output>
        </test-method> <!-- tearDown -->
        <test-method is-config="true" signature="setup()[pri:0, instance:com.jala.qa.testcases.LoginTestPage@665df3c6]" started-at="2024-08-08T14:30:31 IST" name="setup" finished-at="2024-08-08T14:30:34 IST" duration-ms="3381" status="PASS">
          <reporter-output>
          </reporter-output>
        </test-method> <!-- setup -->
        <test-method signature="validateLoginCredential(java.lang.String,java.lang.String)[pri:0, instance:com.jala.qa.testcases.LoginTestPage@665df3c6]" started-at="2024-08-08T14:30:34 IST" name="validateLoginCredential" data-provider="setData" finished-at="2024-08-08T14:30:35 IST" duration-ms="590" status="PASS">
          <params>
            <param index="0">
              <value>
                <![CDATA[training@jalaacademy.com]]>
              </value>
            </param>
            <param index="1">
              <value>
                <![CDATA[jobprogram]]>
              </value>
            </param>
          </params>
          <reporter-output>
          </reporter-output>
        </test-method> <!-- validateLoginCredential -->
        <test-method is-config="true" signature="tearDown()[pri:0, instance:com.jala.qa.testcases.LoginTestPage@665df3c6]" started-at="2024-08-08T14:30:35 IST" name="tearDown" finished-at="2024-08-08T14:30:35 IST" duration-ms="336" status="PASS">
          <reporter-output>
          </reporter-output>
        </test-method> <!-- tearDown -->
        <test-method is-config="true" signature="setup()[pri:0, instance:com.jala.qa.testcases.LoginTestPage@665df3c6]" started-at="2024-08-08T14:30:35 IST" name="setup" finished-at="2024-08-08T14:30:39 IST" duration-ms="4204" status="PASS">
          <reporter-output>
          </reporter-output>
        </test-method> <!-- setup -->
        <test-method signature="validateLoginCredential(java.lang.String,java.lang.String)[pri:0, instance:com.jala.qa.testcases.LoginTestPage@665df3c6]" started-at="2024-08-08T14:30:39 IST" name="validateLoginCredential" data-provider="setData" finished-at="2024-08-08T14:30:40 IST" duration-ms="536" status="PASS">
          <params>
            <param index="0">
              <value>
                <![CDATA[training@jalaacademy.com]]>
              </value>
            </param>
            <param index="1">
              <value>
                <![CDATA[jobprogram]]>
              </value>
            </param>
          </params>
          <reporter-output>
          </reporter-output>
        </test-method> <!-- validateLoginCredential -->
        <test-method is-config="true" signature="tearDown()[pri:0, instance:com.jala.qa.testcases.LoginTestPage@665df3c6]" started-at="2024-08-08T14:30:40 IST" name="tearDown" finished-at="2024-08-08T14:30:40 IST" duration-ms="361" status="PASS">
          <reporter-output>
          </reporter-output>
        </test-method> <!-- tearDown -->
      </class> <!-- com.jala.qa.testcases.LoginTestPage -->
    </test> <!-- Default test -->
  </suite> <!-- Default suite -->
</testng-results>
